# JRE version: Java(TM) SE Runtime Environment (17.0.10+11) (build 17.0.10+11-LTS-240)
# Java VM: Java HotSpot(TM) 64-Bit Server VM (17.0.10+11-LTS-240, mixed mode, sharing, tiered, compressed oops, compressed class ptrs, g1 gc, windows-amd64)
GC Precious Log:
 CPUs: 4 total, 4 available
 Memory: 8071M
 Large Page Support: Disabled
 NUMA Support: Disabled
 Compressed Oops: Enabled (32-bit)
 Heap Region Size: 1M
 Heap Min Capacity: 8M
 Heap Initial Capacity: 128M
 Heap Max Capacity: 2G
 Pre-touch: Disabled
 Parallel Workers: 4
 Concurrent Workers: 1
 Concurrent Refinement Workers: 4
 Periodic GC: Disabled
Heap:
 garbage-first heap   total 428032K, used 374259K [0x0000000080000000, 0x0000000100000000)
  region size 1024K, 16 young (16384K), 2 survivors (2048K)
 Metaspace       used 132336K, committed 134208K, reserved 557056K
  class space    used 17687K, committed 18560K, reserved 425984K
GC Heap History (20 events):
Event: 816.639 GC heap before
{Heap before GC invocations=84 (full 0):
 garbage-first heap   total 428032K, used 371156K [0x0000000080000000, 0x0000000100000000)
  region size 1024K, 27 young (27648K), 4 survivors (4096K)
 Metaspace       used 126894K, committed 128640K, reserved 557056K
  class space    used 17025K, committed 17856K, reserved 425984K
}
Event: 816.652 GC heap after
{Heap after GC invocations=85 (full 0):
 garbage-first heap   total 428032K, used 351232K [0x0000000080000000, 0x0000000100000000)
  region size 1024K, 3 young (3072K), 3 survivors (3072K)
 Metaspace       used 126894K, committed 128640K, reserved 557056K
  class space    used 17025K, committed 17856K, reserved 425984K
}
Event: 818.516 GC heap before
{Heap before GC invocations=85 (full 0):
 garbage-first heap   total 428032K, used 372736K [0x0000000080000000, 0x0000000100000000)
  region size 1024K, 24 young (24576K), 3 survivors (3072K)
 Metaspace       used 127029K, committed 128832K, reserved 557056K
  class space    used 17041K, committed 17856K, reserved 425984K
}
Event: 818.529 GC heap after
{Heap after GC invocations=86 (full 0):
 garbage-first heap   total 428032K, used 352307K [0x0000000080000000, 0x0000000100000000)
  region size 1024K, 1 young (1024K), 1 survivors (1024K)
 Metaspace       used 127029K, committed 128832K, reserved 557056K
  class space    used 17041K, committed 17856K, reserved 425984K
}
Event: 819.259 GC heap before
{Heap before GC invocations=86 (full 0):
 garbage-first heap   total 428032K, used 373811K [0x0000000080000000, 0x0000000100000000)
  region size 1024K, 22 young (22528K), 1 survivors (1024K)
 Metaspace       used 127029K, committed 128832K, reserved 557056K
  class space    used 17041K, committed 17856K, reserved 425984K
}
Event: 819.263 GC heap after
{Heap after GC invocations=87 (full 0):
 garbage-first heap   total 428032K, used 352181K [0x0000000080000000, 0x0000000100000000)
  region size 1024K, 1 young (1024K), 1 survivors (1024K)
 Metaspace       used 127029K, committed 128832K, reserved 557056K
  class space    used 17041K, committed 17856K, reserved 425984K
}
Event: 820.661 GC heap before
{Heap before GC invocations=87 (full 0):
 garbage-first heap   total 428032K, used 375733K [0x0000000080000000, 0x0000000100000000)
  region size 1024K, 24 young (24576K), 1 survivors (1024K)
 Metaspace       used 127127K, committed 128896K, reserved 557056K
  class space    used 17052K, committed 17856K, reserved 425984K
}
Event: 820.665 GC heap after
{Heap after GC invocations=88 (full 0):
 garbage-first heap   total 428032K, used 352468K [0x0000000080000000, 0x0000000100000000)
  region size 1024K, 1 young (1024K), 1 survivors (1024K)
 Metaspace       used 127127K, committed 128896K, reserved 557056K
  class space    used 17052K, committed 17856K, reserved 425984K
}
Event: 825.746 GC heap before
{Heap before GC invocations=88 (full 0):
 garbage-first heap   total 428032K, used 377044K [0x0000000080000000, 0x0000000100000000)
  region size 1024K, 25 young (25600K), 1 survivors (1024K)
 Metaspace       used 127803K, committed 129728K, reserved 557056K
  class space    used 17135K, committed 18048K, reserved 425984K
}
Event: 825.754 GC heap after
{Heap after GC invocations=89 (full 0):
 garbage-first heap   total 428032K, used 353747K [0x0000000080000000, 0x0000000100000000)
  region size 1024K, 3 young (3072K), 3 survivors (3072K)
 Metaspace       used 127803K, committed 129728K, reserved 557056K
  class space    used 17135K, committed 18048K, reserved 425984K
}
Event: 828.614 GC heap before
{Heap before GC invocations=89 (full 0):
 garbage-first heap   total 428032K, used 376275K [0x0000000080000000, 0x0000000100000000)
  region size 1024K, 26 young (26624K), 3 survivors (3072K)
 Metaspace       used 130113K, committed 131968K, reserved 557056K
  class space    used 17397K, committed 18240K, reserved 425984K
}
Event: 828.655 GC heap after
{Heap after GC invocations=90 (full 0):
 garbage-first heap   total 428032K, used 354259K [0x0000000080000000, 0x0000000100000000)
  region size 1024K, 3 young (3072K), 3 survivors (3072K)
 Metaspace       used 130113K, committed 131968K, reserved 557056K
  class space    used 17397K, committed 18240K, reserved 425984K
}
Event: 833.183 GC heap before
{Heap before GC invocations=90 (full 0):
 garbage-first heap   total 428032K, used 377811K [0x0000000080000000, 0x0000000100000000)
  region size 1024K, 27 young (27648K), 3 survivors (3072K)
 Metaspace       used 130668K, committed 132608K, reserved 557056K
  class space    used 17458K, committed 18368K, reserved 425984K
}
Event: 833.206 GC heap after
{Heap after GC invocations=91 (full 0):
 garbage-first heap   total 428032K, used 355671K [0x0000000080000000, 0x0000000100000000)
  region size 1024K, 4 young (4096K), 4 survivors (4096K)
 Metaspace       used 130668K, committed 132608K, reserved 557056K
  class space    used 17458K, committed 18368K, reserved 425984K
}
Event: 835.612 GC heap before
{Heap before GC invocations=91 (full 0):
 garbage-first heap   total 428032K, used 379223K [0x0000000080000000, 0x0000000100000000)
  region size 1024K, 27 young (27648K), 4 survivors (4096K)
 Metaspace       used 130961K, committed 132864K, reserved 557056K
  class space    used 17501K, committed 18368K, reserved 425984K
}
Event: 835.635 GC heap after
{Heap after GC invocations=92 (full 0):
 garbage-first heap   total 428032K, used 357159K [0x0000000080000000, 0x0000000100000000)
  region size 1024K, 4 young (4096K), 4 survivors (4096K)
 Metaspace       used 130961K, committed 132864K, reserved 557056K
  class space    used 17501K, committed 18368K, reserved 425984K
}
Event: 837.885 GC heap before
{Heap before GC invocations=92 (full 0):
 garbage-first heap   total 428032K, used 379687K [0x0000000080000000, 0x0000000100000000)
  region size 1024K, 25 young (25600K), 4 survivors (4096K)
 Metaspace       used 131958K, committed 133824K, reserved 557056K
  class space    used 17633K, committed 18496K, reserved 425984K
}
Event: 837.901 GC heap after
{Heap after GC invocations=93 (full 0):
 garbage-first heap   total 428032K, used 361235K [0x0000000080000000, 0x0000000100000000)
  region size 1024K, 4 young (4096K), 4 survivors (4096K)
 Metaspace       used 131958K, committed 133824K, reserved 557056K
  class space    used 17633K, committed 18496K, reserved 425984K
}
Event: 838.171 GC heap before
{Heap before GC invocations=93 (full 0):
 garbage-first heap   total 428032K, used 377619K [0x0000000080000000, 0x0000000100000000)
  region size 1024K, 21 young (21504K), 4 survivors (4096K)
 Metaspace       used 132294K, committed 134208K, reserved 557056K
  class space    used 17684K, committed 18560K, reserved 425984K
}
Event: 838.183 GC heap after
{Heap after GC invocations=94 (full 0):
 garbage-first heap   total 428032K, used 361971K [0x0000000080000000, 0x0000000100000000)
  region size 1024K, 2 young (2048K), 2 survivors (2048K)
 Metaspace       used 132294K, committed 134208K, reserved 557056K
  class space    used 17684K, committed 18560K, reserved 425984K
}

